  [1m[35m (268.1ms)[0m  [1m[35mCREATE DATABASE "applicationQuiz_development" ENCODING = 'unicode'[0m
  [1m[35m (255.3ms)[0m  [1m[35mCREATE DATABASE "applicationQuiz_test" ENCODING = 'unicode'[0m
  [1m[35m (12.3ms)[0m  [1m[35mCREATE TABLE "schema_migrations" ("version" character varying NOT NULL PRIMARY KEY)[0m
  [1m[35m (20.4ms)[0m  [1m[35mCREATE TABLE "ar_internal_metadata" ("key" character varying NOT NULL PRIMARY KEY, "value" character varying, "created_at" timestamp(6) NOT NULL, "updated_at" timestamp(6) NOT NULL)[0m
  [1m[35m (0.3ms)[0m  [1m[34mSELECT pg_try_advisory_lock(5638497455896024965)[0m
  [1m[35m (0.7ms)[0m  [1m[34mSELECT "schema_migrations"."version" FROM "schema_migrations" ORDER BY "schema_migrations"."version" ASC[0m
Migrating to CreateQuizzes (20220802232604)
  [1m[36mTRANSACTION (0.2ms)[0m  [1m[35mBEGIN[0m
  [1m[35m (5.5ms)[0m  [1m[35mCREATE TABLE "quizzes" ("id" bigserial primary key, "type" character varying, "question" character varying, "answer" character varying, "lebel" character varying, "created_at" timestamp(6) NOT NULL, "updated_at" timestamp(6) NOT NULL)[0m
  [1m[36mActiveRecord::SchemaMigration Create (0.5ms)[0m  [1m[32mINSERT INTO "schema_migrations" ("version") VALUES ($1) RETURNING "version"[0m  [["version", "20220802232604"]]
  [1m[36mTRANSACTION (0.4ms)[0m  [1m[35mCOMMIT[0m
  [1m[36mActiveRecord::InternalMetadata Load (0.6ms)[0m  [1m[34mSELECT "ar_internal_metadata".* FROM "ar_internal_metadata" WHERE "ar_internal_metadata"."key" = $1 LIMIT $2[0m  [["key", "environment"], ["LIMIT", 1]]
  [1m[36mTRANSACTION (16.1ms)[0m  [1m[35mBEGIN[0m
  [1m[36mActiveRecord::InternalMetadata Create (0.4ms)[0m  [1m[32mINSERT INTO "ar_internal_metadata" ("key", "value", "created_at", "updated_at") VALUES ($1, $2, $3, $4) RETURNING "key"[0m  [["key", "environment"], ["value", "development"], ["created_at", "2022-08-02 23:26:15.103030"], ["updated_at", "2022-08-02 23:26:15.103030"]]
  [1m[36mTRANSACTION (0.3ms)[0m  [1m[35mCOMMIT[0m
  [1m[35m (0.2ms)[0m  [1m[34mSELECT pg_advisory_unlock(5638497455896024965)[0m
  [1m[35m (1.0ms)[0m  [1m[34mSELECT "schema_migrations"."version" FROM "schema_migrations" ORDER BY "schema_migrations"."version" ASC[0m
Started GET "/" for 127.0.0.1 at 2022-08-03 08:59:57 +0900
  [1m[35m (1.7ms)[0m  [1m[34mSELECT "schema_migrations"."version" FROM "schema_migrations" ORDER BY "schema_migrations"."version" ASC[0m
Processing by Rails::WelcomeController#index as HTML
  Rendering /Users/tomohiko-kuzuba/.rbenv/versions/2.7.6/lib/ruby/gems/2.7.0/gems/railties-6.1.6.1/lib/rails/templates/rails/welcome/index.html.erb
  Rendered /Users/tomohiko-kuzuba/.rbenv/versions/2.7.6/lib/ruby/gems/2.7.0/gems/railties-6.1.6.1/lib/rails/templates/rails/welcome/index.html.erb (Duration: 8.6ms | Allocations: 449)
Completed 200 OK in 39ms (Views: 16.6ms | ActiveRecord: 0.0ms | Allocations: 3660)


