  [1m[35m (374.7ms)[0m  [1m[35mCREATE DATABASE "keyaki_development" ENCODING = 'unicode'[0m
  [1m[35m (316.8ms)[0m  [1m[35mCREATE DATABASE "keyaki_test" ENCODING = 'unicode'[0m
  [1m[35m (25.5ms)[0m  [1m[35mCREATE TABLE "schema_migrations" ("version" character varying NOT NULL PRIMARY KEY)[0m
  [1m[35m (32.9ms)[0m  [1m[35mCREATE TABLE "ar_internal_metadata" ("key" character varying NOT NULL PRIMARY KEY, "value" character varying, "created_at" timestamp(6) NOT NULL, "updated_at" timestamp(6) NOT NULL)[0m
  [1m[35m (17.4ms)[0m  [1m[34mSELECT pg_try_advisory_lock(5948499006138326820)[0m
  [1m[35m (1.4ms)[0m  [1m[34mSELECT "schema_migrations"."version" FROM "schema_migrations" ORDER BY "schema_migrations"."version" ASC[0m
Migrating to CreateCards (20220801025555)
  [1m[36mTRANSACTION (15.6ms)[0m  [1m[35mBEGIN[0m
  [1m[35m (9.2ms)[0m  [1m[35mCREATE TABLE "cards" ("id" bigserial primary key, "name" character varying, "address" character varying, "birthday" date, "created_at" timestamp(6) NOT NULL, "updated_at" timestamp(6) NOT NULL)[0m
  [1m[36mActiveRecord::SchemaMigration Create (0.5ms)[0m  [1m[32mINSERT INTO "schema_migrations" ("version") VALUES ($1) RETURNING "version"[0m  [["version", "20220801025555"]]
  [1m[36mTRANSACTION (2.4ms)[0m  [1m[35mCOMMIT[0m
  [1m[36mActiveRecord::InternalMetadata Load (1.1ms)[0m  [1m[34mSELECT "ar_internal_metadata".* FROM "ar_internal_metadata" WHERE "ar_internal_metadata"."key" = $1 LIMIT $2[0m  [["key", "environment"], ["LIMIT", 1]]
  [1m[36mTRANSACTION (0.2ms)[0m  [1m[35mBEGIN[0m
  [1m[36mActiveRecord::InternalMetadata Create (0.6ms)[0m  [1m[32mINSERT INTO "ar_internal_metadata" ("key", "value", "created_at", "updated_at") VALUES ($1, $2, $3, $4) RETURNING "key"[0m  [["key", "environment"], ["value", "development"], ["created_at", "2022-08-01 02:56:12.188666"], ["updated_at", "2022-08-01 02:56:12.188666"]]
  [1m[36mTRANSACTION (16.1ms)[0m  [1m[35mCOMMIT[0m
  [1m[35m (0.2ms)[0m  [1m[34mSELECT pg_advisory_unlock(5948499006138326820)[0m
  [1m[35m (1.5ms)[0m  [1m[34mSELECT "schema_migrations"."version" FROM "schema_migrations" ORDER BY "schema_migrations"."version" ASC[0m
Started GET "/" for 127.0.0.1 at 2022-08-01 11:56:24 +0900
  [1m[35m (2.0ms)[0m  [1m[34mSELECT "schema_migrations"."version" FROM "schema_migrations" ORDER BY "schema_migrations"."version" ASC[0m
Processing by Rails::WelcomeController#index as HTML
  Rendering /Users/tomohiko-kuzuba/.rbenv/versions/2.7.6/lib/ruby/gems/2.7.0/gems/railties-6.1.6.1/lib/rails/templates/rails/welcome/index.html.erb
  Rendered /Users/tomohiko-kuzuba/.rbenv/versions/2.7.6/lib/ruby/gems/2.7.0/gems/railties-6.1.6.1/lib/rails/templates/rails/welcome/index.html.erb (Duration: 8.2ms | Allocations: 449)
Completed 200 OK in 38ms (Views: 16.1ms | ActiveRecord: 0.0ms | Allocations: 3660)


Started GET "/cards" for 127.0.0.1 at 2022-08-01 11:56:48 +0900
Processing by CardsController#index as HTML
  Rendering layout layouts/application.html.erb
  Rendering cards/index.html.erb within layouts/application
  [1m[36mCard Load (1.7ms)[0m  [1m[34mSELECT "cards".* FROM "cards"[0m
  â†³ app/views/cards/index.html.erb:16
  Rendered cards/index.html.erb within layouts/application (Duration: 10.3ms | Allocations: 2099)
[Webpacker] Compiling...
[Webpacker] Compiled all packs in /Users/tomohiko-kuzuba/Documents/JS-App/7_Rails/keyaki/public/packs
[Webpacker] Hash: 0fe7dcd9d8f9ebcf52de
Version: webpack 4.46.0
Time: 1542ms
Built at: 2022/08/01 11:56:51
                                     Asset       Size       Chunks                         Chunk Names
    js/application-2e212f7c8f867558ac6e.js    121 KiB  application  [emitted] [immutable]  application
js/application-2e212f7c8f867558ac6e.js.map    136 KiB  application  [emitted] [dev]        application
                             manifest.json  364 bytes               [emitted]              
Entrypoint application = js/application-2e212f7c8f867558ac6e.js js/application-2e212f7c8f867558ac6e.js.map
[./app/javascript/channels sync recursive _channel\.js$] ./app/javascript/channels sync _channel\.js$ 160 bytes {application} [built]
[./app/javascript/channels/index.js] 211 bytes {application} [built]
[./app/javascript/packs/application.js] 492 bytes {application} [built]
    + 3 hidden modules

  Rendered layout layouts/application.html.erb (Duration: 3748.2ms | Allocations: 23142)
Completed 200 OK in 3767ms (Views: 3748.3ms | ActiveRecord: 4.6ms | Allocations: 25046)


Started GET "/cards/new" for 127.0.0.1 at 2022-08-01 11:56:54 +0900
Processing by CardsController#new as HTML
  Rendering layout layouts/application.html.erb
  Rendering cards/new.html.erb within layouts/application
  Rendered cards/_form.html.erb (Duration: 25.0ms | Allocations: 6538)
  Rendered cards/new.html.erb within layouts/application (Duration: 37.0ms | Allocations: 6913)
[Webpacker] Everything's up-to-date. Nothing to do
  Rendered layout layouts/application.html.erb (Duration: 67.1ms | Allocations: 10550)
Completed 200 OK in 81ms (Views: 68.0ms | ActiveRecord: 5.8ms | Allocations: 14728)


Started POST "/cards" for 127.0.0.1 at 2022-08-01 11:58:46 +0900
Processing by CardsController#create as HTML
  Parameters: {"authenticity_token"=>"[FILTERED]", "card"=>{"name"=>"è‘›è‘‰æœ‹å½¦", "address"=>"æ±äº¬éƒ½è¶³ç«‹åŒºåƒä½æ—­ç”º", "birthday(1i)"=>"2017", "birthday(2i)"=>"4", "birthday(3i)"=>"5"}, "commit"=>"Create Card"}
  [1m[36mTRANSACTION (0.7ms)[0m  [1m[35mBEGIN[0m
  â†³ app/controllers/cards_controller.rb:27:in `block in create'
  [1m[36mCard Create (1.1ms)[0m  [1m[32mINSERT INTO "cards" ("name", "address", "birthday", "created_at", "updated_at") VALUES ($1, $2, $3, $4, $5) RETURNING "id"[0m  [["name", "è‘›è‘‰æœ‹å½¦"], ["address", "æ±äº¬éƒ½è¶³ç«‹åŒºåƒä½æ—­ç”º"], ["birthday", "2017-04-05"], ["created_at", "2022-08-01 02:58:46.399585"], ["updated_at", "2022-08-01 02:58:46.399585"]]
  â†³ app/controllers/cards_controller.rb:27:in `block in create'
  [1m[36mTRANSACTION (1.0ms)[0m  [1m[35mCOMMIT[0m
  â†³ app/controllers/cards_controller.rb:27:in `block in create'
Redirected to http://127.0.0.1:3000/cards/1
Completed 302 Found in 20ms (ActiveRecord: 2.8ms | Allocations: 2907)


Started GET "/cards/1" for 127.0.0.1 at 2022-08-01 11:58:46 +0900
Processing by CardsController#show as HTML
  Parameters: {"id"=>"1"}
  [1m[36mCard Load (0.6ms)[0m  [1m[34mSELECT "cards".* FROM "cards" WHERE "cards"."id" = $1 LIMIT $2[0m  [["id", 1], ["LIMIT", 1]]
  â†³ app/controllers/cards_controller.rb:63:in `set_card'
  Rendering layout layouts/application.html.erb
  Rendering cards/show.html.erb within layouts/application
  Rendered cards/show.html.erb within layouts/application (Duration: 0.8ms | Allocations: 320)
[Webpacker] Everything's up-to-date. Nothing to do
  Rendered layout layouts/application.html.erb (Duration: 14.2ms | Allocations: 3900)
Completed 200 OK in 58ms (Views: 14.6ms | ActiveRecord: 1.2ms | Allocations: 7515)


Started GET "/cards" for 127.0.0.1 at 2022-08-01 11:58:49 +0900
Processing by CardsController#index as HTML
  Rendering layout layouts/application.html.erb
  Rendering cards/index.html.erb within layouts/application
  [1m[36mCard Load (0.8ms)[0m  [1m[34mSELECT "cards".* FROM "cards"[0m
  â†³ app/views/cards/index.html.erb:16
  Rendered cards/index.html.erb within layouts/application (Duration: 11.7ms | Allocations: 1749)
[Webpacker] Everything's up-to-date. Nothing to do
  Rendered layout layouts/application.html.erb (Duration: 17.8ms | Allocations: 5392)
Completed 200 OK in 19ms (Views: 17.4ms | ActiveRecord: 0.8ms | Allocations: 5798)


Started GET "/cards/new" for 127.0.0.1 at 2022-08-01 12:03:52 +0900
Processing by CardsController#new as HTML
  Rendering layout layouts/application.html.erb
  Rendering cards/new.html.erb within layouts/application
  Rendered cards/_form.html.erb (Duration: 2.5ms | Allocations: 2505)
  Rendered cards/new.html.erb within layouts/application (Duration: 2.8ms | Allocations: 2622)
[Webpacker] Everything's up-to-date. Nothing to do
  Rendered layout layouts/application.html.erb (Duration: 11.3ms | Allocations: 6936)
Completed 200 OK in 12ms (Views: 11.8ms | ActiveRecord: 0.0ms | Allocations: 7333)


Started POST "/cards" for 127.0.0.1 at 2022-08-01 12:04:39 +0900
Processing by CardsController#create as HTML
  Parameters: {"authenticity_token"=>"[FILTERED]", "card"=>{"name"=>"è‘›è‘‰ç”±ç´€å­", "address"=>"ç¦äº•çœŒå¤§é‡Žå¸‚æ¸…å’Œç”º", "birthday(1i)"=>"2017", "birthday(2i)"=>"7", "birthday(3i)"=>"25"}, "commit"=>"Create Card"}
  [1m[36mTRANSACTION (0.7ms)[0m  [1m[35mBEGIN[0m
  â†³ app/controllers/cards_controller.rb:27:in `block in create'
  [1m[36mCard Create (1.7ms)[0m  [1m[32mINSERT INTO "cards" ("name", "address", "birthday", "created_at", "updated_at") VALUES ($1, $2, $3, $4, $5) RETURNING "id"[0m  [["name", "è‘›è‘‰ç”±ç´€å­"], ["address", "ç¦äº•çœŒå¤§é‡Žå¸‚æ¸…å’Œç”º"], ["birthday", "2017-07-25"], ["created_at", "2022-08-01 03:04:39.975972"], ["updated_at", "2022-08-01 03:04:39.975972"]]
  â†³ app/controllers/cards_controller.rb:27:in `block in create'
  [1m[36mTRANSACTION (1.2ms)[0m  [1m[35mCOMMIT[0m
  â†³ app/controllers/cards_controller.rb:27:in `block in create'
Redirected to http://127.0.0.1:3000/cards/2
Completed 302 Found in 39ms (ActiveRecord: 14.8ms | Allocations: 7403)


Started GET "/cards/2" for 127.0.0.1 at 2022-08-01 12:04:39 +0900
Processing by CardsController#show as HTML
  Parameters: {"id"=>"2"}
  [1m[36mCard Load (17.7ms)[0m  [1m[34mSELECT "cards".* FROM "cards" WHERE "cards"."id" = $1 LIMIT $2[0m  [["id", 2], ["LIMIT", 1]]
  â†³ app/controllers/cards_controller.rb:63:in `set_card'
  Rendering layout layouts/application.html.erb
  Rendering cards/show.html.erb within layouts/application
  Rendered cards/show.html.erb within layouts/application (Duration: 0.3ms | Allocations: 133)
[Webpacker] Everything's up-to-date. Nothing to do
  Rendered layout layouts/application.html.erb (Duration: 8.0ms | Allocations: 3769)
Completed 200 OK in 29ms (Views: 8.4ms | ActiveRecord: 18.4ms | Allocations: 5096)


Started GET "/cards" for 127.0.0.1 at 2022-08-01 12:04:43 +0900
Processing by CardsController#index as HTML
  Rendering layout layouts/application.html.erb
  Rendering cards/index.html.erb within layouts/application
  [1m[36mCard Load (1.0ms)[0m  [1m[34mSELECT "cards".* FROM "cards"[0m
  â†³ app/views/cards/index.html.erb:16
  Rendered cards/index.html.erb within layouts/application (Duration: 3.7ms | Allocations: 1220)
[Webpacker] Everything's up-to-date. Nothing to do
  Rendered layout layouts/application.html.erb (Duration: 13.6ms | Allocations: 5539)
Completed 200 OK in 15ms (Views: 13.1ms | ActiveRecord: 1.0ms | Allocations: 5933)


Started GET "/" for 127.0.0.1 at 2022-08-01 15:10:00 +0900
  [1m[35m (1.3ms)[0m  [1m[34mSELECT "schema_migrations"."version" FROM "schema_migrations" ORDER BY "schema_migrations"."version" ASC[0m
Processing by Rails::WelcomeController#index as HTML
  Rendering /Users/tomohiko-kuzuba/.rbenv/versions/2.7.6/lib/ruby/gems/2.7.0/gems/railties-6.1.6.1/lib/rails/templates/rails/welcome/index.html.erb
  Rendered /Users/tomohiko-kuzuba/.rbenv/versions/2.7.6/lib/ruby/gems/2.7.0/gems/railties-6.1.6.1/lib/rails/templates/rails/welcome/index.html.erb (Duration: 6.5ms | Allocations: 341)
Completed 200 OK in 21ms (Views: 9.0ms | ActiveRecord: 0.0ms | Allocations: 2563)


Started GET "/rails/info/routes" for ::1 at 2022-08-01 15:10:03 +0900
Processing by Rails::InfoController#routes as HTML
  Rendering layout /Users/tomohiko-kuzuba/.rbenv/versions/2.7.6/lib/ruby/gems/2.7.0/gems/railties-6.1.6.1/lib/rails/templates/layouts/application.html.erb
  Rendering /Users/tomohiko-kuzuba/.rbenv/versions/2.7.6/lib/ruby/gems/2.7.0/gems/railties-6.1.6.1/lib/rails/templates/rails/info/routes.html.erb within layouts/application
  Rendered collection of /Users/tomohiko-kuzuba/.rbenv/versions/2.7.6/lib/ruby/gems/2.7.0/gems/actionpack-6.1.6.1/lib/action_dispatch/middleware/templates/routes/_route.html.erb [34 times] (Duration: 7.6ms | Allocations: 3936)
  Rendered /Users/tomohiko-kuzuba/.rbenv/versions/2.7.6/lib/ruby/gems/2.7.0/gems/actionpack-6.1.6.1/lib/action_dispatch/middleware/templates/routes/_table.html.erb (Duration: 3.9ms | Allocations: 1075)
  Rendered /Users/tomohiko-kuzuba/.rbenv/versions/2.7.6/lib/ruby/gems/2.7.0/gems/railties-6.1.6.1/lib/rails/templates/rails/info/routes.html.erb within layouts/application (Duration: 16.6ms | Allocations: 8670)
  Rendered layout /Users/tomohiko-kuzuba/.rbenv/versions/2.7.6/lib/ruby/gems/2.7.0/gems/railties-6.1.6.1/lib/rails/templates/layouts/application.html.erb (Duration: 17.2ms | Allocations: 8894)
Completed 200 OK in 28ms (Views: 20.0ms | ActiveRecord: 0.0ms | Allocations: 10206)


